<?xml version="1.0" encoding="UTF-8"?>
<testsuite xmlns:xsi="http://www.w3.org/2001/XMLSchema-instance" xsi:noNamespaceSchemaLocation="https://maven.apache.org/surefire/maven-surefire-plugin/xsd/surefire-test-report.xsd" version="3.0.2" name="com.ricardo.estudospringboot.EstudoSpringbootApplicationTests" time="4.675" tests="1" errors="0" skipped="0" failures="0">
  <properties>
[...]
</properties>
  <testcase name="contextLoads" classname="com.ricardo.estudospringboot.EstudoSpringbootApplicationTests" time="0.014">
    <system-out><![CDATA[11:29:12.380 [main] INFO org.springframework.test.context.support.AnnotationConfigContextLoaderUtils -- Could not detect default configuration classes for test class [com.ricardo.estudospringboot.EstudoSpringbootApplicationTests]: EstudoSpringbootApplicationTests does not declare any static, non-private, non-final, nested classes annotated with @Configuration.
11:29:12.520 [main] INFO org.springframework.boot.test.context.SpringBootTestContextBootstrapper -- Found @SpringBootConfiguration com.ricardo.estudospringboot.EstudoSpringbootApplication for test class com.ricardo.estudospringboot.EstudoSpringbootApplicationTests

  .   ____          _            __ _ _
 /\\ / ___'_ __ _ _(_)_ __  __ _ \ \ \ \
( ( )\___ | '_ | '_| | '_ \/ _` | \ \ \ \
 \\/  ___)| |_)| | | | | || (_| |  ) ) ) )
  '  |____| .__|_| |_|_| |_\__, | / / / /
 =========|_|==============|___/=/_/_/_/

 :: Spring Boot ::                (v3.4.2)

2025-11-25T11:29:13.012Z  INFO 3794 --- [EstudoSpringboot] [           main] c.r.e.EstudoSpringbootApplicationTests   : Starting EstudoSpringbootApplicationTests using Java 17.0.17 with PID 3794 (started by runner in /home/runner/work/springboot-test/springboot-test)
2025-11-25T11:29:13.014Z  INFO 3794 --- [EstudoSpringboot] [           main] c.r.e.EstudoSpringbootApplicationTests   : The following 1 profile is active: "test"
2025-11-25T11:29:13.705Z  INFO 3794 --- [EstudoSpringboot] [           main] .s.d.r.c.RepositoryConfigurationDelegate : Bootstrapping Spring Data JPA repositories in DEFAULT mode.
2025-11-25T11:29:13.765Z  INFO 3794 --- [EstudoSpringboot] [           main] .s.d.r.c.RepositoryConfigurationDelegate : Finished Spring Data repository scanning in 50 ms. Found 6 JPA repository interfaces.
2025-11-25T11:29:14.218Z  INFO 3794 --- [EstudoSpringboot] [           main] com.zaxxer.hikari.HikariDataSource       : HikariPool-1 - Starting...
2025-11-25T11:29:14.362Z  INFO 3794 --- [EstudoSpringboot] [           main] com.zaxxer.hikari.pool.HikariPool        : HikariPool-1 - Added connection conn0: url=jdbc:h2:mem:testbanco user=SA
2025-11-25T11:29:14.364Z  INFO 3794 --- [EstudoSpringboot] [           main] com.zaxxer.hikari.HikariDataSource       : HikariPool-1 - Start completed.
2025-11-25T11:29:14.419Z  INFO 3794 --- [EstudoSpringboot] [           main] o.hibernate.jpa.internal.util.LogHelper  : HHH000204: Processing PersistenceUnitInfo [name: default]
2025-11-25T11:29:14.477Z  INFO 3794 --- [EstudoSpringboot] [           main] org.hibernate.Version                    : HHH000412: Hibernate ORM core version 6.6.5.Final
2025-11-25T11:29:14.508Z  INFO 3794 --- [EstudoSpringboot] [           main] o.h.c.internal.RegionFactoryInitiator    : HHH000026: Second-level cache disabled
2025-11-25T11:29:14.619Z  INFO 3794 --- [EstudoSpringboot] [           main] o.s.o.j.p.SpringPersistenceUnitInfo      : No LoadTimeWeaver setup: ignoring JPA class transformer
2025-11-25T11:29:14.666Z  WARN 3794 --- [EstudoSpringboot] [           main] org.hibernate.orm.deprecation            : HHH90000025: H2Dialect does not need to be specified explicitly using 'hibernate.dialect' (remove the property setting and it will be selected by default)
2025-11-25T11:29:14.685Z  INFO 3794 --- [EstudoSpringboot] [           main] org.hibernate.orm.connections.pooling    : HHH10001005: Database info:
	Database JDBC URL [Connecting through datasource 'HikariDataSource (HikariPool-1)']
	Database driver: undefined/unknown
	Database version: 2.3.232
	Autocommit mode: undefined/unknown
	Isolation level: undefined/unknown
	Minimum pool size: undefined/unknown
	Maximum pool size: undefined/unknown
2025-11-25T11:29:15.462Z  INFO 3794 --- [EstudoSpringboot] [           main] o.h.e.t.j.p.i.JtaPlatformInitiator       : HHH000489: No JTA platform available (set 'hibernate.transaction.jta.platform' to enable JTA platform integration)
Hibernate: 
    drop table if exists tb_category cascade 
Hibernate: 
    drop table if exists tb_order cascade 
Hibernate: 
    drop table if exists tb_order_item cascade 
Hibernate: 
    drop table if exists tb_payment cascade 
Hibernate: 
    drop table if exists tb_product cascade 
Hibernate: 
    drop table if exists tb_product_category cascade 
Hibernate: 
    drop table if exists tb_user cascade 
Hibernate: 
    drop table if exists tb_weather_data cascade 
Hibernate: 
    create table tb_category (
        id integer generated by default as identity,
        name varchar(255),
        primary key (id)
    )
Hibernate: 
    create table tb_order (
        client_id integer,
        id integer generated by default as identity,
        order_status integer,
        date timestamp(6) with time zone,
        primary key (id)
    )
Hibernate: 
    create table tb_order_item (
        order_id integer not null,
        price float(53),
        product_id integer not null,
        quantity integer,
        primary key (order_id, product_id)
    )
Hibernate: 
    create table tb_payment (
        order_id integer not null,
        momement timestamp(6) with time zone,
        primary key (order_id)
    )
Hibernate: 
    create table tb_product (
        id integer generated by default as identity,
        price float(53),
        description varchar(255),
        img_url varchar(255),
        name varchar(255),
        primary key (id)
    )
Hibernate: 
    create table tb_product_category (
        category_id integer not null,
        product_id integer not null,
        primary key (category_id, product_id)
    )
Hibernate: 
    create table tb_user (
        id integer generated by default as identity,
        email varchar(255),
        name varchar(255),
        password varchar(255),
        primary key (id)
    )
Hibernate: 
    create table tb_weather_data (
        cloud_cover float(53),
        humidity float(53),
        latitude float(53),
        longitude float(53),
        precipitation float(53),
        pressure float(53),
        temperature float(53),
        wind_direction float(53),
        wind_speed float(53),
        id bigint generated by default as identity,
        timestamp timestamp(6),
        location_name varchar(255),
        primary key (id)
    )
Hibernate: 
    create index idx_weather_timestamp 
       on tb_weather_data (timestamp)
Hibernate: 
    create index idx_weather_location 
       on tb_weather_data (latitude, longitude)
Hibernate: 
    alter table if exists tb_order 
       add constraint FKi0x0rv7d65vsceuy33km9567n 
       foreign key (client_id) 
       references tb_user
Hibernate: 
    alter table if exists tb_order_item 
       add constraint FK4h5xid5qehset7qwe5l9c997x 
       foreign key (product_id) 
       references tb_product
Hibernate: 
    alter table if exists tb_order_item 
       add constraint FKgeobgl2xu916he8vhljktwxnx 
       foreign key (order_id) 
       references tb_order
Hibernate: 
    alter table if exists tb_payment 
       add constraint FKokaf4il2cwit4h780c25dv04r 
       foreign key (order_id) 
       references tb_order
Hibernate: 
    alter table if exists tb_product_category 
       add constraint FK5r4sbavb4nkd9xpl0f095qs2a 
       foreign key (category_id) 
       references tb_category
Hibernate: 
    alter table if exists tb_product_category 
       add constraint FKgbof0jclmaf8wn2alsoexxq3u 
       foreign key (product_id) 
       references tb_product
2025-11-25T11:29:15.522Z  INFO 3794 --- [EstudoSpringboot] [           main] j.LocalContainerEntityManagerFactoryBean : Initialized JPA EntityManagerFactory for persistence unit 'default'
2025-11-25T11:29:15.817Z  INFO 3794 --- [EstudoSpringboot] [           main] o.s.d.j.r.query.QueryEnhancerFactory     : Hibernate is in classpath; If applicable, HQL parser will be used.
2025-11-25T11:29:16.600Z  INFO 3794 --- [EstudoSpringboot] [           main] o.s.b.a.h2.H2ConsoleAutoConfiguration    : H2 console available at '/h2-console'. Database available at 'jdbc:h2:mem:testbanco'
2025-11-25T11:29:16.669Z  INFO 3794 --- [EstudoSpringboot] [           main] c.r.e.EstudoSpringbootApplicationTests   : Started EstudoSpringbootApplicationTests in 4.001 seconds (process running for 6.273)
Hibernate: 
    insert 
    into
        tb_category
        (name, id) 
    values
        (?, default)
Hibernate: 
    insert 
    into
        tb_category
        (name, id) 
    values
        (?, default)
Hibernate: 
    insert 
    into
        tb_category
        (name, id) 
    values
        (?, default)
Hibernate: 
    insert 
    into
        tb_product
        (img_url, description, name, price, id) 
    values
        (?, ?, ?, ?, default)
Hibernate: 
    insert 
    into
        tb_product
        (img_url, description, name, price, id) 
    values
        (?, ?, ?, ?, default)
Hibernate: 
    insert 
    into
        tb_product
        (img_url, description, name, price, id) 
    values
        (?, ?, ?, ?, default)
Hibernate: 
    insert 
    into
        tb_product
        (img_url, description, name, price, id) 
    values
        (?, ?, ?, ?, default)
Hibernate: 
    insert 
    into
        tb_product
        (img_url, description, name, price, id) 
    values
        (?, ?, ?, ?, default)
Hibernate: 
    select
        p1_0.id,
        p1_0.img_url,
        p1_0.description,
        p1_0.name,
        p1_0.price 
    from
        tb_product p1_0 
    where
        p1_0.id=?
Hibernate: 
    select
        c1_0.product_id,
        c1_1.id,
        c1_1.name 
    from
        tb_product_category c1_0 
    join
        tb_category c1_1 
            on c1_1.id=c1_0.category_id 
    where
        c1_0.product_id=?
Hibernate: 
    select
        c1_0.id,
        c1_0.name 
    from
        tb_category c1_0 
    where
        c1_0.id=?
Hibernate: 
    select
        p1_0.id,
        p1_0.img_url,
        p1_0.description,
        p1_0.name,
        p1_0.price 
    from
        tb_product p1_0 
    where
        p1_0.id=?
Hibernate: 
    select
        c1_0.product_id,
        c1_1.id,
        c1_1.name 
    from
        tb_product_category c1_0 
    join
        tb_category c1_1 
            on c1_1.id=c1_0.category_id 
    where
        c1_0.product_id=?
Hibernate: 
    select
        c1_0.id,
        c1_0.name 
    from
        tb_category c1_0 
    where
        c1_0.id=?
Hibernate: 
    select
        c1_0.id,
        c1_0.name 
    from
        tb_category c1_0 
    where
        c1_0.id=?
Hibernate: 
    select
        p1_0.id,
        p1_0.img_url,
        p1_0.description,
        p1_0.name,
        p1_0.price 
    from
        tb_product p1_0 
    where
        p1_0.id=?
Hibernate: 
    select
        c1_0.product_id,
        c1_1.id,
        c1_1.name 
    from
        tb_product_category c1_0 
    join
        tb_category c1_1 
            on c1_1.id=c1_0.category_id 
    where
        c1_0.product_id=?
Hibernate: 
    select
        p1_0.id,
        p1_0.img_url,
        p1_0.description,
        p1_0.name,
        p1_0.price 
    from
        tb_product p1_0 
    where
        p1_0.id=?
Hibernate: 
    select
        c1_0.product_id,
        c1_1.id,
        c1_1.name 
    from
        tb_product_category c1_0 
    join
        tb_category c1_1 
            on c1_1.id=c1_0.category_id 
    where
        c1_0.product_id=?
Hibernate: 
    select
        p1_0.id,
        p1_0.img_url,
        p1_0.description,
        p1_0.name,
        p1_0.price 
    from
        tb_product p1_0 
    where
        p1_0.id=?
Hibernate: 
    select
        c1_0.product_id,
        c1_1.id,
        c1_1.name 
    from
        tb_product_category c1_0 
    join
        tb_category c1_1 
            on c1_1.id=c1_0.category_id 
    where
        c1_0.product_id=?
Hibernate: 
    insert 
    into
        tb_product_category
        (product_id, category_id) 
    values
        (?, ?)
Hibernate: 
    insert 
    into
        tb_product_category
        (product_id, category_id) 
    values
        (?, ?)
Hibernate: 
    insert 
    into
        tb_product_category
        (product_id, category_id) 
    values
        (?, ?)
Hibernate: 
    insert 
    into
        tb_product_category
        (product_id, category_id) 
    values
        (?, ?)
Hibernate: 
    insert 
    into
        tb_product_category
        (product_id, category_id) 
    values
        (?, ?)
Hibernate: 
    insert 
    into
        tb_product_category
        (product_id, category_id) 
    values
        (?, ?)
Hibernate: 
    insert 
    into
        tb_user
        (email, name, password, id) 
    values
        (?, ?, ?, default)
Hibernate: 
    insert 
    into
        tb_user
        (email, name, password, id) 
    values
        (?, ?, ?, default)
Hibernate: 
    insert 
    into
        tb_order
        (client_id, date, order_status, id) 
    values
        (?, ?, ?, default)
Hibernate: 
    insert 
    into
        tb_order
        (client_id, date, order_status, id) 
    values
        (?, ?, ?, default)
Hibernate: 
    insert 
    into
        tb_order
        (client_id, date, order_status, id) 
    values
        (?, ?, ?, default)
Hibernate: 
    select
        oi1_0.order_id,
        o1_0.id,
        c1_0.id,
        c1_0.email,
        c1_0.name,
        c1_0.password,
        o1_0.date,
        o1_0.order_status,
        p1_0.order_id,
        p1_0.momement,
        oi1_0.product_id,
        p2_0.id,
        p2_0.img_url,
        p2_0.description,
        p2_0.name,
        p2_0.price,
        oi1_0.price,
        oi1_0.quantity 
    from
        tb_order_item oi1_0 
    left join
        tb_order o1_0 
            on o1_0.id=oi1_0.order_id 
    left join
        tb_user c1_0 
            on c1_0.id=o1_0.client_id 
    left join
        tb_payment p1_0 
            on o1_0.id=p1_0.order_id 
    left join
        tb_product p2_0 
            on p2_0.id=oi1_0.product_id 
    where
        (
            oi1_0.order_id, oi1_0.product_id
        ) in ((?, ?))
Hibernate: 
    select
        oi1_0.order_id,
        o1_0.id,
        c1_0.id,
        c1_0.email,
        c1_0.name,
        c1_0.password,
        o1_0.date,
        o1_0.order_status,
        p1_0.order_id,
        p1_0.momement,
        oi1_0.product_id,
        p2_0.id,
        p2_0.img_url,
        p2_0.description,
        p2_0.name,
        p2_0.price,
        oi1_0.price,
        oi1_0.quantity 
    from
        tb_order_item oi1_0 
    left join
        tb_order o1_0 
            on o1_0.id=oi1_0.order_id 
    left join
        tb_user c1_0 
            on c1_0.id=o1_0.client_id 
    left join
        tb_payment p1_0 
            on o1_0.id=p1_0.order_id 
    left join
        tb_product p2_0 
            on p2_0.id=oi1_0.product_id 
    where
        (
            oi1_0.order_id, oi1_0.product_id
        ) in ((?, ?))
Hibernate: 
    select
        oi1_0.order_id,
        o1_0.id,
        c1_0.id,
        c1_0.email,
        c1_0.name,
        c1_0.password,
        o1_0.date,
        o1_0.order_status,
        p1_0.order_id,
        p1_0.momement,
        oi1_0.product_id,
        p2_0.id,
        p2_0.img_url,
        p2_0.description,
        p2_0.name,
        p2_0.price,
        oi1_0.price,
        oi1_0.quantity 
    from
        tb_order_item oi1_0 
    left join
        tb_order o1_0 
            on o1_0.id=oi1_0.order_id 
    left join
        tb_user c1_0 
            on c1_0.id=o1_0.client_id 
    left join
        tb_payment p1_0 
            on o1_0.id=p1_0.order_id 
    left join
        tb_product p2_0 
            on p2_0.id=oi1_0.product_id 
    where
        (
            oi1_0.order_id, oi1_0.product_id
        ) in ((?, ?))
Hibernate: 
    select
        oi1_0.order_id,
        o1_0.id,
        c1_0.id,
        c1_0.email,
        c1_0.name,
        c1_0.password,
        o1_0.date,
        o1_0.order_status,
        p1_0.order_id,
        p1_0.momement,
        oi1_0.product_id,
        p2_0.id,
        p2_0.img_url,
        p2_0.description,
        p2_0.name,
        p2_0.price,
        oi1_0.price,
        oi1_0.quantity 
    from
        tb_order_item oi1_0 
    left join
        tb_order o1_0 
            on o1_0.id=oi1_0.order_id 
    left join
        tb_user c1_0 
            on c1_0.id=o1_0.client_id 
    left join
        tb_payment p1_0 
            on o1_0.id=p1_0.order_id 
    left join
        tb_product p2_0 
            on p2_0.id=oi1_0.product_id 
    where
        (
            oi1_0.order_id, oi1_0.product_id
        ) in ((?, ?))
Hibernate: 
    insert 
    into
        tb_order_item
        (price, quantity, order_id, product_id) 
    values
        (?, ?, ?, ?)
Hibernate: 
    insert 
    into
        tb_order_item
        (price, quantity, order_id, product_id) 
    values
        (?, ?, ?, ?)
Hibernate: 
    insert 
    into
        tb_order_item
        (price, quantity, order_id, product_id) 
    values
        (?, ?, ?, ?)
Hibernate: 
    insert 
    into
        tb_order_item
        (price, quantity, order_id, product_id) 
    values
        (?, ?, ?, ?)
Hibernate: 
    select
        o1_0.id,
        c1_0.id,
        c1_0.email,
        c1_0.name,
        c1_0.password,
        o1_0.date,
        o1_0.order_status,
        p1_0.order_id,
        p1_0.momement 
    from
        tb_order o1_0 
    left join
        tb_user c1_0 
            on c1_0.id=o1_0.client_id 
    left join
        tb_payment p1_0 
            on o1_0.id=p1_0.order_id 
    where
        o1_0.id=?
Hibernate: 
    insert 
    into
        tb_payment
        (momement, order_id) 
    values
        (?, ?)
]]></system-out>
  </testcase>
</testsuite>